<?xml version="1.0" encoding="UTF-8"?>
<!-- Generated by org.testng.reporters.JUnitReportReporter -->
<testsuite hostname="NBIN0020" failures="0" tests="2" name="Test.Basics" time="0.006" errors="0" timestamp="2023-06-21T10:11:06 IST" skipped="0">
  <testcase classname="Test.Basics" name="searchTest" time="0.005"/>
  <system-out/>
  <testcase classname="Test.Basics" name="validateLogin" time="0.001"/>
  <system-out/>
</testsuite> <!-- Test.Basics -->
