<?xml version="1.0" encoding="UTF-8"?>
<!-- Generated by org.testng.reporters.JUnitReportReporter -->
<testsuite hostname="NBIN0020" failures="0" tests="1" name="com.parameters.ParameterTest" time="13.129" errors="0" timestamp="2023-06-21T22:59:29 IST" skipped="0">
  <testcase classname="com.parameters.ParameterTest" name="launchBrowser" time="13.129"/>
  <system-out/>
</testsuite> <!-- com.parameters.ParameterTest -->
