<?xml version="1.0" encoding="UTF-8"?>
<!-- Generated by org.testng.reporters.JUnitReportReporter -->
<testsuite hostname="Akash-PC" failures="0" tests="3" name="testExecution.GoogleTest" time="11.837" errors="0" timestamp="2023-07-27T11:58:05 IST" skipped="0">
  <testcase classname="testExecution.GoogleTest" name="googlePic" time="3.666"/>
  <system-out/>
  <testcase classname="testExecution.GoogleTest" name="getTittle" time="4.856"/>
  <system-out/>
  <testcase classname="testExecution.GoogleTest" name="linkedTest" time="3.315"/>
  <system-out/>
</testsuite> <!-- testExecution.GoogleTest -->
