<?xml version="1.0" encoding="UTF-8"?>
<!-- Generated by org.testng.reporters.JUnitReportReporter -->
<testsuite hostname="Akash-PC" failures="0" tests="2" name="testExecution.Basics" time="0.011" errors="0" timestamp="2023-07-27T08:10:51 IST" skipped="0">
  <testcase classname="testExecution.Basics" name="validateLogin" time="0.003"/>
  <system-out/>
  <testcase classname="testExecution.Basics" name="searchTest" time="0.008"/>
  <system-out/>
</testsuite> <!-- testExecution.Basics -->
