<?xml version="1.0" encoding="UTF-8"?>
<!-- Generated by org.testng.reporters.JUnitReportReporter -->
<testsuite hostname="NBIN0020" failures="0" tests="2" name="com.data.driven.test.ByDataProvider" time="19.668" errors="0" timestamp="2023-06-22T12:46:25 IST" skipped="0">
  <testcase classname="com.data.driven.test.ByDataProvider" name="enterData" time="9.751"/>
  <system-out/>
  <testcase classname="com.data.driven.test.ByDataProvider" name="enterData" time="9.917"/>
  <system-out/>
</testsuite> <!-- com.data.driven.test.ByDataProvider -->
