<?xml version="1.0" encoding="UTF-8"?>
<!-- Generated by org.testng.reporters.JUnitReportReporter -->
<testsuite hostname="NBIN0020" failures="0" tests="1" name="ExcelData.ParameterizeLogin" time="43.200" errors="0" timestamp="2023-06-21T21:49:55 IST" skipped="0">
  <testcase classname="ExcelData.ParameterizeLogin" name="login" time="43.200"/>
  <system-out/>
</testsuite> <!-- ExcelData.ParameterizeLogin -->
