<?xml version="1.0" encoding="UTF-8"?>
<!-- Generated by org.testng.reporters.JUnitReportReporter -->
<testsuite hostname="NBIN0020" failures="0" tests="4" name="module1.Topic2" time="0.003" errors="0" timestamp="2023-06-21T10:14:43 IST" skipped="0">
  <testcase classname="module1.Topic2" name="password" time="0.001"/>
  <system-out/>
  <testcase classname="module1.Topic2" name="username" time="0.000"/>
  <system-out/>
  <testcase classname="module1.Topic2" name="login" time="0.001"/>
  <system-out/>
  <testcase classname="module1.Topic2" name="test2" time="0.001"/>
  <system-out/>
</testsuite> <!-- module1.Topic2 -->
