<?xml version="1.0" encoding="UTF-8"?>
<!-- Generated by org.testng.reporters.JUnitReportReporter -->
<testsuite hostname="Akash-PC" failures="0" tests="1" name="ExcelData.LoginData" time="21.660" errors="0" timestamp="2023-07-27T00:30:12 IST" skipped="0">
  <testcase classname="ExcelData.LoginData" name="userLogin" time="21.660"/>
  <system-out/>
</testsuite> <!-- ExcelData.LoginData -->
