<?xml version="1.0" encoding="UTF-8"?>
<!-- Generated by org.testng.reporters.JUnitReportReporter -->
<testsuite hostname="NBIN0020" failures="0" tests="4" name="module1.Topic1" time="0.004" errors="0" timestamp="2023-06-21T10:14:43 IST" skipped="0">
  <testcase classname="module1.Topic1" name="testCase1" time="0.001"/>
  <system-out/>
  <testcase classname="module1.Topic1" name="demo" time="0.001"/>
  <system-out/>
  <testcase classname="module1.Topic1" name="data" time="0.001"/>
  <system-out/>
  <testcase classname="module1.Topic1" name="testCase2" time="0.001"/>
  <system-out/>
</testsuite> <!-- module1.Topic1 -->
