<?xml version="1.0" encoding="UTF-8"?>
<!-- Generated by org.testng.reporters.JUnitReportReporter -->
<testsuite hostname="NBIN0020" failures="0" tests="2" name="module1.Topic4" time="0.006" errors="0" timestamp="2023-06-21T10:14:43 IST" skipped="0">
  <testcase classname="module1.Topic4" name="testCase8" time="0.005"/>
  <system-out/>
  <testcase classname="module1.Topic4" name="testCase7" time="0.001"/>
  <system-out/>
</testsuite> <!-- module1.Topic4 -->
