<?xml version="1.0" encoding="UTF-8"?>
<!-- Generated by org.testng.reporters.JUnitReportReporter -->
<testsuite hostname="Akash-PC" failures="0" tests="7" name="testExecution.LoginFlow" time="27.503" errors="0" timestamp="2023-07-28T13:21:55 IST" skipped="0">
  <testcase classname="testExecution.LoginFlow" name="launchBrowser" time="11.470"/>
  <system-out/>
  <testcase classname="testExecution.LoginFlow" name="login" time="2.842"/>
  <system-out/>
  <testcase classname="testExecution.LoginFlow" name="mouseOver" time="2.075"/>
  <system-out/>
  <testcase classname="testExecution.LoginFlow" name="addEmp" time="7.394"/>
  <system-out/>
  <testcase classname="testExecution.LoginFlow" name="verify" time="0.516"/>
  <system-out/>
  <testcase classname="testExecution.LoginFlow" name="print" time="0.057"/>
  <system-out/>
  <testcase classname="testExecution.LoginFlow" name="logout" time="3.149"/>
  <system-out/>
</testsuite> <!-- testExecution.LoginFlow -->
