<?xml version="1.0" encoding="UTF-8"?>
<!-- Generated by org.testng.reporters.JUnitReportReporter -->
<testsuite hostname="NBIN0020" failures="0" tests="1" name="module1.Topic3" time="0.000" errors="0" timestamp="2023-06-21T10:14:43 IST" skipped="0">
  <testcase classname="module1.Topic3" name="testCase5" time="0.000"/>
  <system-out/>
</testsuite> <!-- module1.Topic3 -->
