<?xml version="1.0" encoding="UTF-8"?>
<!-- Generated by org.testng.reporters.JUnitReportReporter -->
<testsuite hostname="NBIN0020" failures="0" tests="2" name="Test.GoogleTest" time="7.087" errors="0" timestamp="2023-06-21T10:11:06 IST" skipped="0">
  <testcase classname="Test.GoogleTest" name="googlePic" time="3.200"/>
  <system-out/>
  <testcase classname="Test.GoogleTest" name="getTittle" time="3.887"/>
  <system-out/>
</testsuite> <!-- Test.GoogleTest -->
